2020-06-13 09:55:43.693 [restartedMain] INFO  com.zq.xijue.XiJueApplication - Starting XiJueApplication on DESKTOP-FSA94EB with PID 6000 (H:\IdeaProjects\springboot_security_do2\target\classes started by 沉默d乖晨晨 in H:\IdeaProjects\springboot_security_do2)
2020-06-13 09:55:43.694 [restartedMain] INFO  com.zq.xijue.XiJueApplication - No active profile set, falling back to default profiles: default
2020-06-13 09:55:45.242 [restartedMain] INFO  o.s.boot.web.embedded.tomcat.TomcatWebServer - Tomcat initialized with port(s): 9009 (http)
2020-06-13 09:55:45.251 [restartedMain] INFO  org.apache.coyote.http11.Http11NioProtocol - Initializing ProtocolHandler ["http-nio-9009"]
2020-06-13 09:55:45.252 [restartedMain] INFO  org.apache.catalina.core.StandardService - Starting service [Tomcat]
2020-06-13 09:55:45.252 [restartedMain] INFO  org.apache.catalina.core.StandardEngine - Starting Servlet engine: [Apache Tomcat/9.0.33]
2020-06-13 09:55:45.388 [restartedMain] INFO  o.a.c.core.ContainerBase.[Tomcat].[localhost].[/] - Initializing Spring embedded WebApplicationContext
2020-06-13 09:55:45.388 [restartedMain] INFO  org.springframework.web.context.ContextLoader - Root WebApplicationContext: initialization completed in 1654 ms
2020-06-13 09:55:45.613 [restartedMain] INFO  c.a.d.s.b.a.DruidDataSourceAutoConfigure - Init DruidDataSource
2020-06-13 09:55:46.097 [restartedMain] INFO  com.alibaba.druid.pool.DruidDataSource - {dataSource-1} inited
2020-06-13 09:55:46.571 [restartedMain] INFO  o.s.security.web.DefaultSecurityFilterChain - Creating filter chain: Ant [pattern='/assets/**'], []
2020-06-13 09:55:46.571 [restartedMain] INFO  o.s.security.web.DefaultSecurityFilterChain - Creating filter chain: Ant [pattern='/css/**'], []
2020-06-13 09:55:46.571 [restartedMain] INFO  o.s.security.web.DefaultSecurityFilterChain - Creating filter chain: Ant [pattern='/images/**'], []
2020-06-13 09:55:46.571 [restartedMain] INFO  o.s.security.web.DefaultSecurityFilterChain - Creating filter chain: Ant [pattern='/js/**'], []
2020-06-13 09:55:46.571 [restartedMain] INFO  o.s.security.web.DefaultSecurityFilterChain - Creating filter chain: Ant [pattern='/templates/**'], []
2020-06-13 09:55:46.618 [restartedMain] INFO  o.s.security.web.DefaultSecurityFilterChain - Creating filter chain: any request, [org.springframework.security.web.context.request.async.WebAsyncManagerIntegrationFilter@45ae8727, org.springframework.security.web.context.SecurityContextPersistenceFilter@51ff9e5f, org.springframework.security.web.header.HeaderWriterFilter@6a081b88, org.springframework.security.web.authentication.logout.LogoutFilter@45cac222, org.springframework.security.web.authentication.UsernamePasswordAuthenticationFilter@2671a2c, com.zq.xijue.core.security.validate.mobile.SmsCodeAuthenticationFilter@2afe162e, org.springframework.security.web.session.ConcurrentSessionFilter@19907fd8, org.springframework.security.web.savedrequest.RequestCacheAwareFilter@65aab126, org.springframework.security.web.servletapi.SecurityContextHolderAwareRequestFilter@234d356a, org.springframework.security.web.authentication.rememberme.RememberMeAuthenticationFilter@6b67528, org.springframework.security.web.authentication.AnonymousAuthenticationFilter@7677cb4a, org.springframework.security.web.session.SessionManagementFilter@7362fa9, org.springframework.security.web.access.ExceptionTranslationFilter@1069574f, org.springframework.security.web.access.intercept.FilterSecurityInterceptor@3b0b01f1]
2020-06-13 09:55:46.709 [restartedMain] INFO  o.s.scheduling.concurrent.ThreadPoolTaskExecutor - Initializing ExecutorService 'applicationTaskExecutor'
2020-06-13 09:55:46.804 [restartedMain] INFO  o.s.b.a.web.servlet.WelcomePageHandlerMapping - Adding welcome page template: index
2020-06-13 09:55:47.137 [restartedMain] INFO  o.s.b.d.autoconfigure.OptionalLiveReloadServer - LiveReload server is running on port 35729
2020-06-13 09:55:47.177 [restartedMain] INFO  org.apache.coyote.http11.Http11NioProtocol - Starting ProtocolHandler ["http-nio-9009"]
2020-06-13 09:55:47.198 [restartedMain] INFO  o.s.boot.web.embedded.tomcat.TomcatWebServer - Tomcat started on port(s): 9009 (http) with context path ''
2020-06-13 09:55:47.202 [restartedMain] INFO  com.zq.xijue.XiJueApplication - Started XiJueApplication in 4.283 seconds (JVM running for 5.23)
2020-06-13 09:56:19.608 [Thread-14] INFO  o.s.scheduling.concurrent.ThreadPoolTaskExecutor - Shutting down ExecutorService 'applicationTaskExecutor'
2020-06-13 09:56:19.612 [Thread-14] INFO  com.alibaba.druid.pool.DruidDataSource - {dataSource-1} closed
